This is pdfTeX, Version 3.1415926-1.40.10 (MiKTeX 2.8) (preloaded format=pdflatex 2010.4.29)  16 MAY 2010 17:01
entering extended mode
**baa_main.tex

("C:\Users\w1nston\Chalmers\Kandidatarbetet\Slutrapport\Tower Defense for Andro
id\baa_main.tex"
LaTeX2e <2005/12/01>
Babel <v3.8l> and hyphenation patterns for english, dumylang, nohyphenation, ge
rman, ngerman, german-x-2009-06-19, ngerman-x-2009-06-19, french, loaded.

("C:\Users\w1nston\Chalmers\Kandidatarbetet\Slutrapport\Tower Defense for Andro
id\chapters/header.tex"
("C:\Program Files (x86)\MiKTeX 2.8\tex\latex\koma-script\scrbook.cls"
Document Class: scrbook 2009/07/24 v3.04a KOMA-Script document class (book)
("C:\Program Files (x86)\MiKTeX 2.8\tex\latex\koma-script\scrkbase.sty"
Package: scrkbase 2009/07/24 v3.04a KOMA-Script package (KOMA-Script-dependent 
basics and keyval usage)

("C:\Program Files (x86)\MiKTeX 2.8\tex\latex\koma-script\scrbase.sty"
Package: scrbase 2009/07/24 v3.04a KOMA-Script package (KOMA-Script-independent
 basics and keyval usage)

("C:\Program Files (x86)\MiKTeX 2.8\tex\latex\graphics\keyval.sty"
Package: keyval 1999/03/16 v1.13 key=value parser (DPC)
\KV@toks@=\toks14
)
("C:\Program Files (x86)\MiKTeX 2.8\tex\latex\koma-script\scrlfile.sty"
Package: scrlfile 2009/03/25 v3.03 KOMA-Script package (loading files)

Package scrlfile, 2009/03/25 v3.03 KOMA-Script package (loading files)
                  Copyright (C) Markus Kohm

))) ("C:\Program Files (x86)\MiKTeX 2.8\tex\latex\koma-script\tocbasic.sty"
Package: tocbasic 2009/06/08 v3.03b KOMA-Script package (handling toc-files)
)
Package tocbasic Info: omitting babel extension for `toc'
(tocbasic)             because of feature `nobabel' available
(tocbasic)             for `toc' on input line 117.
Package tocbasic Info: omitting babel extension for `lof'
(tocbasic)             because of feature `nobabel' available
(tocbasic)             for `lof' on input line 118.
Package tocbasic Info: omitting babel extension for `lot'
(tocbasic)             because of feature `nobabel' available
(tocbasic)             for `lot' on input line 119.
Package scrbook Info: You've used obsolete option `12pt'.
(scrbook)             \KOMAExecuteOptions{fontsize=12pt} will be
(scrbook)             used instead.
(scrbook)             You may simply replace `12pt'
(scrbook)             by `fontsize=12pt'.
Class scrbook Info: You've used standard option `oneside'.
(scrbook)           This is correct!
(scrbook)           Internaly I'm using `twoside=false'.
(scrbook)           If you'd like to set the option with \KOMAoptions,
(scrbook)           you'd have to use `twoside=false' there
(scrbook)           instead of `oneside', too.


Class scrbook Warning: You've used obsolete option `idxtotoc'.
(scrbook)              Usage of this option indicates an old document and
(scrbook)              changes compatibility level using
(scrbook)              `index=totoc,version=first'.
(scrbook)              If you don't want this, you should simply replace
(scrbook)              usage of option `idxtotoc' by `index=totoc'.

Class scrbook Info: Switching compatibility level to `first'.

Class scrbook Warning: You've used obsolete option `halfparskip'.
(scrbook)              Usage of this option indicates an old document and
(scrbook)              changes compatibility level using
(scrbook)              `parskip=half,version=first'.
(scrbook)              If you don't want this, you should simply replace
(scrbook)              usage of option `halfparskip' by `parskip=half'.

Class scrbook Info: Switching compatibility level to `first'.
Class scrbook Info: File `scrsize12pt.clo' used to setup font sizes on input li
ne 1272.
("C:\Program Files (x86)\MiKTeX 2.8\tex\latex\koma-script\scrsize12pt.clo"
File: scrsize12pt.clo 2009/07/24 v3.04a KOMA-Script font size class option (12p
t)
)
("C:\Program Files (x86)\MiKTeX 2.8\tex\latex\koma-script\typearea.sty"
Package: typearea 2009/07/24 v3.04a KOMA-Script package (type area)

Package typearea, 2009/07/24 v3.04a KOMA-Script package (type area)
                  Copyright (C) Frank Neukam, 1992-1994
                  Copyright (C) Markus Kohm, 1994-

\ta@bcor=\skip41
\ta@div=\count79
Package typearea Info: You've used standard option `a4paper'.
(typearea)             This is correct!
(typearea)             Internaly I'm using `paper=a4'.
(typearea)             If you'd like to set the option with \KOMAoptions,
(typearea)             you'd have to use `paper=a4' there
(typearea)             instead of `a4paper', too.
Package typearea Info: You've used standard option `oneside'.
(typearea)             This is correct!
(typearea)             Internaly I'm using `twoside=false'.
(typearea)             If you'd like to set the option with \KOMAoptions,
(typearea)             you'd have to use `twoside=false' there
(typearea)             instead of `oneside', too.
\ta@hblk=\skip42
\ta@vblk=\skip43
\ta@temp=\skip44
Package typearea Info: These are the values describing the layout:
(typearea)             DIV  = 12
(typearea)             BCOR = 0.0pt
(typearea)             \paperwidth      = 597.50793pt
(typearea)              \textwidth      = 448.13095pt
(typearea)              DIV departure   = -6%
(typearea)              \evensidemargin = 2.4185pt
(typearea)              \oddsidemargin  = 2.4185pt
(typearea)             \paperheight     = 845.04694pt
(typearea)              \textheight     = 635.5pt
(typearea)              \topmargin      = -41.72441pt
(typearea)              \headheight     = 18.125pt
(typearea)              \headsep        = 21.75pt
(typearea)              \topskip        = 12.0pt
(typearea)              \footskip       = 50.75pt
(typearea)              \baselineskip   = 14.5pt
(typearea)              on input line 1115.
)
\c@part=\count80
\c@chapter=\count81
\c@section=\count82
\c@subsection=\count83
\c@subsubsection=\count84
\c@paragraph=\count85
\c@subparagraph=\count86
\abovecaptionskip=\skip45
\belowcaptionskip=\skip46
\c@pti@nb@sid@b@x=\box26
\c@figure=\count87
\c@table=\count88
\bibindent=\dimen102
) ("C:\Program Files (x86)\MiKTeX 2.8\tex\latex\moreverb\moreverb.sty"
Package: moreverb 2008/06/03 v2.3 `more' verbatim facilities

("C:\Program Files (x86)\MiKTeX 2.8\tex\latex\tools\verbatim.sty"
Package: verbatim 2003/08/22 v1.5q LaTeX2e package for verbatim enhancements
\every@verbatim=\toks15
\verbatim@line=\toks16
\verbatim@in@stream=\read1
)
\verbatim@out=\write3
\tab@position=\count89
\tab@size=\count90
\listing@line=\count91
)
("C:\Program Files (x86)\MiKTeX 2.8\tex\latex\base\inputenc.sty"
Package: inputenc 2006/05/05 v1.1b Input encoding file
\inpenc@prehook=\toks17
\inpenc@posthook=\toks18

("C:\Program Files (x86)\MiKTeX 2.8\tex\latex\base\latin1.def"
File: latin1.def 2006/05/05 v1.1b Input encoding file
))
("C:\Program Files (x86)\MiKTeX 2.8\tex\latex\tools\longtable.sty"
Package: longtable 2004/02/01 v4.11 Multi-page Table package (DPC)
\LTleft=\skip47
\LTright=\skip48
\LTpre=\skip49
\LTpost=\skip50
\LTchunksize=\count92
\LTcapwidth=\dimen103
\LT@head=\box27
\LT@firsthead=\box28
\LT@foot=\box29
\LT@lastfoot=\box30
\LT@cols=\count93
\LT@rows=\count94
\c@LT@tables=\count95
\c@LT@chunks=\count96
\LT@p@ftn=\toks19
)
Class scrbook Info: longtable captions redefined on input line 23.

("C:\Program Files (x86)\MiKTeX 2.8\tex\latex\tools\tabularx.sty"
Package: tabularx 1999/01/07 v2.07 `tabularx' package (DPC)

("C:\Program Files (x86)\MiKTeX 2.8\tex\latex\tools\array.sty"
Package: array 2005/08/23 v2.4b Tabular extension package (FMi)
\col@sep=\dimen104
\extrarowheight=\dimen105
\NC@list=\toks20
\extratabsurround=\skip51
\backup@length=\skip52
)
\TX@col@width=\dimen106
\TX@old@table=\dimen107
\TX@old@col=\dimen108
\TX@target=\dimen109
\TX@delta=\dimen110
\TX@cols=\count97
\TX@ftn=\toks21
)
("C:\Program Files (x86)\MiKTeX 2.8\tex\latex\graphics\graphics.sty"
Package: graphics 2006/02/20 v1.0o Standard LaTeX Graphics (DPC,SPQR)

("C:\Program Files (x86)\MiKTeX 2.8\tex\latex\graphics\trig.sty"
Package: trig 1999/03/16 v1.09 sin cos tan (DPC)
)
("C:\Program Files (x86)\MiKTeX 2.8\tex\latex\00miktex\graphics.cfg"
File: graphics.cfg 2007/01/18 v1.5 graphics configuration of teTeX/TeXLive
)
Package graphics Info: Driver file: pdftex.def on input line 90.

("C:\Program Files (x86)\MiKTeX 2.8\tex\latex\pdftex-def\pdftex.def"
File: pdftex.def 2009/08/25 v0.04m Graphics/color for pdfTeX
\Gread@gobject=\count98
))
("C:\Program Files (x86)\MiKTeX 2.8\tex\latex\listings\listings.sty"
\lst@mode=\count99
\lst@gtempboxa=\box31
\lst@token=\toks22
\lst@length=\count100
\lst@currlwidth=\dimen111
\lst@column=\count101
\lst@pos=\count102
\lst@lostspace=\dimen112
\lst@width=\dimen113
\lst@newlines=\count103
\lst@lineno=\count104
\lst@maxwidth=\dimen114

("C:\Program Files (x86)\MiKTeX 2.8\tex\latex\listings\lstmisc.sty"
File: lstmisc.sty 2007/02/22 1.4 (Carsten Heinz)
\c@lstnumber=\count105
\lst@skipnumbers=\count106
\lst@framebox=\box32
)
("C:\Program Files (x86)\MiKTeX 2.8\tex\latex\listings\listings.cfg"
File: listings.cfg 2007/02/22 1.4 listings configuration
))
Package: listings 2007/02/22 1.4 (Carsten Heinz)

("C:\Users\w1nston\Chalmers\Kandidatarbetet\Slutrapport\Tower Defense for Andro
id\gloss.sty"
Package: gloss 2002/07/26 1.5.2 Gloss package
\glosshang=\skip53
)
("C:\Program Files (x86)\MiKTeX 2.8\tex\latex\ams\math\amsmath.sty"
Package: amsmath 2000/07/18 v2.13 AMS math features
\@mathmargin=\skip54

For additional information on amsmath, use the `?' option.
("C:\Program Files (x86)\MiKTeX 2.8\tex\latex\ams\math\amstext.sty"
Package: amstext 2000/06/29 v2.01

("C:\Program Files (x86)\MiKTeX 2.8\tex\latex\ams\math\amsgen.sty"
File: amsgen.sty 1999/11/30 v2.0
\@emptytoks=\toks23
\ex@=\dimen115
))
("C:\Program Files (x86)\MiKTeX 2.8\tex\latex\ams\math\amsbsy.sty"
Package: amsbsy 1999/11/29 v1.2d
\pmbraise@=\dimen116
)
("C:\Program Files (x86)\MiKTeX 2.8\tex\latex\ams\math\amsopn.sty"
Package: amsopn 1999/12/14 v2.01 operator names
)
\inf@bad=\count107
LaTeX Info: Redefining \frac on input line 211.
\uproot@=\count108
\leftroot@=\count109
LaTeX Info: Redefining \overline on input line 307.
\classnum@=\count110
\DOTSCASE@=\count111
LaTeX Info: Redefining \ldots on input line 379.
LaTeX Info: Redefining \dots on input line 382.
LaTeX Info: Redefining \cdots on input line 467.
\Mathstrutbox@=\box33
\strutbox@=\box34
\big@size=\dimen117
LaTeX Font Info:    Redeclaring font encoding OML on input line 567.
LaTeX Font Info:    Redeclaring font encoding OMS on input line 568.
\macc@depth=\count112
\c@MaxMatrixCols=\count113
\dotsspace@=\muskip10
\c@parentequation=\count114
\dspbrk@lvl=\count115
\tag@help=\toks24
\row@=\count116
\column@=\count117
\maxfields@=\count118
\andhelp@=\toks25
\eqnshift@=\dimen118
\alignsep@=\dimen119
\tagshift@=\dimen120
\tagwidth@=\dimen121
\totwidth@=\dimen122
\lineht@=\dimen123
\@envbody=\toks26
\multlinegap=\skip55
\multlinetaggap=\skip56
\mathdisplay@stack=\toks27
LaTeX Info: Redefining \[ on input line 2666.
LaTeX Info: Redefining \] on input line 2667.
)
("C:\Program Files (x86)\MiKTeX 2.8\tex\latex\amsfonts\amssymb.sty"
Package: amssymb 2009/06/22 v3.00

("C:\Program Files (x86)\MiKTeX 2.8\tex\latex\amsfonts\amsfonts.sty"
Package: amsfonts 2009/06/22 v3.00 Basic AMSFonts support
\symAMSa=\mathgroup4
\symAMSb=\mathgroup5
LaTeX Font Info:    Overwriting math alphabet `\mathfrak' in version `bold'
(Font)                  U/euf/m/n --> U/euf/b/n on input line 96.
))
("C:\Program Files (x86)\MiKTeX 2.8\tex\latex\psnfss\courier.sty"
Package: courier 2005/04/12 PSNFSS-v9.2a (WaS) 
)
("C:\Program Files (x86)\MiKTeX 2.8\tex\latex\rotating\rotating.sty"
Package: rotating 2009/03/28 v2.16a rotated objects in LaTeX

("C:\Program Files (x86)\MiKTeX 2.8\tex\latex\graphics\graphicx.sty"
Package: graphicx 1999/02/16 v1.0f Enhanced LaTeX Graphics (DPC,SPQR)
\Gin@req@height=\dimen124
\Gin@req@width=\dimen125
)
("C:\Program Files (x86)\MiKTeX 2.8\tex\latex\base\ifthen.sty"
Package: ifthen 2001/05/26 v1.1c Standard LaTeX ifthen package (DPC)
)
\c@r@tfl@t=\count119
\rotFPtop=\skip57
\rotFPbot=\skip58
\rot@float@box=\box35
\rot@mess@toks=\toks28
)
("C:\Program Files (x86)\MiKTeX 2.8\tex\latex\graphics\color.sty"
Package: color 2005/11/14 v1.0j Standard LaTeX Color (DPC)

("C:\Program Files (x86)\MiKTeX 2.8\tex\latex\00miktex\color.cfg"
File: color.cfg 2007/01/18 v1.5 color configuration of teTeX/TeXLive
)
Package color Info: Driver file: pdftex.def on input line 130.
)
("C:\Program Files (x86)\MiKTeX 2.8\tex\latex\comment\comment.sty"
\CommentStream=\write4

Excluding comment 'comment')
("C:\Program Files (x86)\MiKTeX 2.8\tex\latex\hyperref\hyperref.sty"
Package: hyperref 2009/09/10 v6.78u Hypertext links for LaTeX

("C:\Program Files (x86)\MiKTeX 2.8\tex\generic\oberdiek\ifpdf.sty"
Package: ifpdf 2009/04/10 v2.0 Provides the ifpdf switch (HO)
Package ifpdf Info: pdfTeX in pdf mode detected.
)
("C:\Program Files (x86)\MiKTeX 2.8\tex\generic\oberdiek\ifvtex.sty"
Package: ifvtex 2008/11/04 v1.4 Switches for detecting VTeX and its modes (HO)
Package ifvtex Info: VTeX not detected.
)
("C:\Program Files (x86)\MiKTeX 2.8\tex\latex\ifxetex\ifxetex.sty"
Package: ifxetex 2009/01/23 v0.5 Provides ifxetex conditional
)
("C:\Program Files (x86)\MiKTeX 2.8\tex\latex\oberdiek\hycolor.sty"
Package: hycolor 2008/09/08 v1.4 Code for color options of hyperref/bookmark (H
O)

("C:\Program Files (x86)\MiKTeX 2.8\tex\latex\oberdiek\xcolor-patch.sty"
Package: xcolor-patch 2008/09/08 xcolor patch
))
\@linkdim=\dimen126
\Hy@linkcounter=\count120
\Hy@pagecounter=\count121

("C:\Program Files (x86)\MiKTeX 2.8\tex\latex\hyperref\pd1enc.def"
File: pd1enc.def 2009/09/10 v6.78u Hyperref: PDFDocEncoding definition (HO)
)
("C:\Program Files (x86)\MiKTeX 2.8\tex\generic\oberdiek\etexcmds.sty"
Package: etexcmds 2007/12/12 v1.2 Prefix for e-TeX command names (HO)

("C:\Program Files (x86)\MiKTeX 2.8\tex\generic\oberdiek\infwarerr.sty"
Package: infwarerr 2007/09/09 v1.2 Providing info/warning/message (HO)
)
Package etexcmds Info: Could not find \expanded.
(etexcmds)             That can mean that you are not using pdfTeX 1.50 or
(etexcmds)             that some package has redefined \expanded.
(etexcmds)             In the latter case, load this package earlier.
)
("C:\Program Files (x86)\MiKTeX 2.8\tex\latex\00miktex\hyperref.cfg"
File: hyperref.cfg 2002/06/06 v1.2 hyperref configuration of TeXLive
)
("C:\Program Files (x86)\MiKTeX 2.8\tex\latex\oberdiek\kvoptions.sty"
Package: kvoptions 2009/08/13 v3.4 Keyval support for LaTeX options (HO)

("C:\Program Files (x86)\MiKTeX 2.8\tex\generic\oberdiek\kvsetkeys.sty"
Package: kvsetkeys 2009/07/30 v1.5 Key value parser with default handler suppor
t (HO)
))
Package hyperref Info: Hyper figures OFF on input line 2975.
Package hyperref Info: Link nesting OFF on input line 2980.
Package hyperref Info: Hyper index ON on input line 2983.
Package hyperref Info: Plain pages OFF on input line 2990.
Package hyperref Info: Backreferencing OFF on input line 2995.

Implicit mode ON; LaTeX internals redefined
Package hyperref Info: Bookmarks ON on input line 3191.
("C:\Program Files (x86)\MiKTeX 2.8\tex\latex\ltxmisc\url.sty"
\Urlmuskip=\muskip11
Package: url 2006/04/12  ver 3.3  Verb mode for urls, etc.
)
LaTeX Info: Redefining \url on input line 3428.

("C:\Program Files (x86)\MiKTeX 2.8\tex\generic\oberdiek\bitset.sty"
Package: bitset 2007/09/28 v1.0 Data type bit set (HO)

("C:\Program Files (x86)\MiKTeX 2.8\tex\generic\oberdiek\intcalc.sty"
Package: intcalc 2007/09/27 v1.1 Expandable integer calculations (HO)
)
("C:\Program Files (x86)\MiKTeX 2.8\tex\generic\oberdiek\bigintcalc.sty"
Package: bigintcalc 2007/11/11 v1.1 Expandable big integer calculations (HO)

("C:\Program Files (x86)\MiKTeX 2.8\tex\generic\oberdiek\pdftexcmds.sty"
Package: pdftexcmds 2009/04/10 v0.4 LuaTeX support for pdfTeX utility functions
 (HO)

("C:\Program Files (x86)\MiKTeX 2.8\tex\generic\oberdiek\ifluatex.sty"
Package: ifluatex 2009/04/17 v1.2 Provides the ifluatex switch (HO)
Package ifluatex Info: LuaTeX not detected.
)
Package pdftexcmds Info: LuaTeX not detected on input line 144.
)))
\Fld@menulength=\count122
\Field@Width=\dimen127
\Fld@charsize=\dimen128
\Field@toks=\toks29
Package hyperref Info: Hyper figures OFF on input line 4346.
Package hyperref Info: Link nesting OFF on input line 4351.
Package hyperref Info: Hyper index ON on input line 4354.
Package hyperref Info: backreferencing OFF on input line 4361.
Package hyperref Info: Link coloring OFF on input line 4366.
Package hyperref Info: Link coloring with OCG OFF on input line 4371.
Package hyperref Info: PDF/A mode OFF on input line 4376.

("C:\Program Files (x86)\MiKTeX 2.8\tex\generic\oberdiek\atbegshi.sty"
Package: atbegshi 2008/07/31 v1.9 At begin shipout hook (HO)
)
\Hy@abspage=\count123
\c@Item=\count124
)
*hyperref using default driver hpdftex*
("C:\Program Files (x86)\MiKTeX 2.8\tex\latex\hyperref\hpdftex.def"
File: hpdftex.def 2009/09/10 v6.78u Hyperref driver for pdfTeX
\Fld@listcount=\count125
)
Package hyperref Info: Option `colorlinks' set `true' on input line 62.


Package hyperref Warning: Option `pagecolor' is not available anymore.

\glsf@default=\write5
Package gloss Info: Writing gloss file baa_main.gls.aux on input line 67.
) ("C:\Program Files (x86)\MiKTeX 2.8\tex\latex\ltxmisc\changepage.sty"
Package: changepage 2008/08/15 v1.0a check page and change page layout
\c@cp@cntr=\count126
\cp@tempcnt=\count127
)
("C:\Program Files (x86)\MiKTeX 2.8\tex\latex\natbib\natbib.sty"
Package: natbib 2009/07/16 8.31 (PWD, AO)
\bibhang=\skip59
\bibsep=\skip60
LaTeX Info: Redefining \cite on input line 694.
\c@NAT@ctr=\count128
)
("C:\Users\w1nston\Chalmers\Kandidatarbetet\Slutrapport\Tower Defense for Andro
id\baa_main.aux")
LaTeX Font Info:    Checking defaults for OML/cmm/m/it on input line 11.
LaTeX Font Info:    ... okay on input line 11.
LaTeX Font Info:    Checking defaults for T1/cmr/m/n on input line 11.
LaTeX Font Info:    ... okay on input line 11.
LaTeX Font Info:    Checking defaults for OT1/cmr/m/n on input line 11.
LaTeX Font Info:    ... okay on input line 11.
LaTeX Font Info:    Checking defaults for OMS/cmsy/m/n on input line 11.
LaTeX Font Info:    ... okay on input line 11.
LaTeX Font Info:    Checking defaults for OMX/cmex/m/n on input line 11.
LaTeX Font Info:    ... okay on input line 11.
LaTeX Font Info:    Checking defaults for U/cmr/m/n on input line 11.
LaTeX Font Info:    ... okay on input line 11.
LaTeX Font Info:    Checking defaults for PD1/pdf/m/n on input line 11.
LaTeX Font Info:    ... okay on input line 11.

("C:\Program Files (x86)\MiKTeX 2.8\tex\context\base\supp-pdf.tex"
[Loading MPS to PDF converter (version 2006.09.02).]
\scratchcounter=\count129
\scratchdimen=\dimen129
\scratchbox=\box36
\nofMPsegments=\count130
\nofMParguments=\count131
\everyMPshowfont=\toks30
\MPscratchCnt=\count132
\MPscratchDim=\dimen130
\MPnumerator=\count133
\everyMPtoPDFconversion=\toks31
)
\c@lstlisting=\count134
Package hyperref Info: Link coloring ON on input line 11.
 ("C:\Program Files (x86)\MiKTeX 2.8\tex\latex\hyperref\nameref.sty"
Package: nameref 2007/05/29 v2.31 Cross-referencing by name of section

("C:\Program Files (x86)\MiKTeX 2.8\tex\latex\oberdiek\refcount.sty"
Package: refcount 2008/08/11 v3.1 Data extraction from references (HO)
)
\c@section@level=\count135
)
LaTeX Info: Redefining \ref on input line 11.
LaTeX Info: Redefining \pageref on input line 11.

("C:\Users\w1nston\Chalmers\Kandidatarbetet\Slutrapport\Tower Defense for Andro
id\baa_main.out")
("C:\Users\w1nston\Chalmers\Kandidatarbetet\Slutrapport\Tower Defense for Andro
id\baa_main.out")
\@outlinefile=\write6
\AtBeginShipoutBox=\box37

("C:\Users\w1nston\Chalmers\Kandidatarbetet\Slutrapport\Tower Defense for Andro
id\chapters/titlepage.tex"
<pics/logo/chalmerslogo.pdf, id=250, 614.295pt x 179.67125pt>
File: pics/logo/chalmerslogo.pdf Graphic file (type pdf)

<use pics/logo/chalmerslogo.pdf>
Overfull \hbox (119.19063pt too wide) in paragraph at lines 10--12
[][] 
 []


Underfull \hbox (badness 10000) in paragraph at lines 10--12

 []

LaTeX Font Info:    Try loading font information for U+msa on input line 49.
("C:\Program Files (x86)\MiKTeX 2.8\tex\latex\amsfonts\umsa.fd"
File: umsa.fd 2009/06/22 v3.00 AMS symbols A
)
LaTeX Font Info:    Try loading font information for U+msb on input line 49.

("C:\Program Files (x86)\MiKTeX 2.8\tex\latex\amsfonts\umsb.fd"
File: umsb.fd 2009/06/22 v3.00 AMS symbols B
) [1


{C:/ProgramData/MiKTeX/2.8/pdftex/config/pdftex.map} <C:/Users/w1nston/Chalmers
/Kandidatarbetet/Slutrapport/Tower Defense for Android/pics/logo/chalmerslogo.p
df>])
("C:\Users\w1nston\Chalmers\Kandidatarbetet\Slutrapport\Tower Defense for Andro
id\chapters/abstract.tex") [1]
("C:\Users\w1nston\Chalmers\Kandidatarbetet\Slutrapport\Tower Defense for Andro
id\baa_main.toc"
Class scrbook Info: You've told me to use the font selection of the element
(scrbook)           `sectioning' that is an alias of element `disposition'
(scrbook)            on input line 1.
Class scrbook Info: You've told me to use the font selection of the element
(scrbook)           `sectioning' that is an alias of element `disposition'
(scrbook)            on input line 4.
Class scrbook Info: You've told me to use the font selection of the element
(scrbook)           `sectioning' that is an alias of element `disposition'
(scrbook)            on input line 9.
Class scrbook Info: You've told me to use the font selection of the element
(scrbook)           `sectioning' that is an alias of element `disposition'
(scrbook)            on input line 23.
 [2

]
Class scrbook Info: You've told me to use the font selection of the element
(scrbook)           `sectioning' that is an alias of element `disposition'
(scrbook)            on input line 45.
Class scrbook Info: You've told me to use the font selection of the element
(scrbook)           `sectioning' that is an alias of element `disposition'
(scrbook)            on input line 67.
Class scrbook Info: You've told me to use the font selection of the element
(scrbook)           `sectioning' that is an alias of element `disposition'
(scrbook)            on input line 68.
Class scrbook Info: You've told me to use the font selection of the element
(scrbook)           `sectioning' that is an alias of element `disposition'
(scrbook)            on input line 70.
)
\tf@toc=\write7
 [3]
("C:\Users\w1nston\Chalmers\Kandidatarbetet\Slutrapport\Tower Defense for Andro
id\chapters/vocabulary.tex") [4]
("C:\Users\w1nston\Chalmers\Kandidatarbetet\Slutrapport\Tower Defense for Andro
id\chapters/Chapter1/introduction.tex"
Chapter 1.

Class scrbook Warning: \float@addtolists detected!
(scrbook)              You should use the features of package `tocbasic'
(scrbook)              instead of \float@addtolists.
(scrbook)              Support for \float@addtolists may be removed from
(scrbook)              `scrbook' soon .

pdfTeX warning (ext4): destination with the same identifier (name{page.1}) has 
been already used, duplicate ignored
<to be read again> 
                   \relax 
l.16 
      [1

])
("C:\Users\w1nston\Chalmers\Kandidatarbetet\Slutrapport\Tower Defense for Andro
id\chapters/Chapter2/theory.tex" [2]
Chapter 2.

<pics/chapters/chapter2/activity_lifecycle2.pdf, id=362, 546.9755pt x 713.57692
pt>
File: pics/chapters/chapter2/activity_lifecycle2.pdf Graphic file (type pdf)
 <use pics/chapters/chapter2/activity_lifecycle2.pdf>

LaTeX Warning: `h' float specifier changed to `ht'.

[3

] [4 <C:/Users/w1nston/Chalmers/Kandidatarbetet/Slutrapport/Tower Defense for A
ndroid/pics/chapters/chapter2/activity_lifecycle2.pdf>] [5]
<pics/chapters/chapter2/xmleditor.pdf, id=391, 1012.65326pt x 445.6088pt>
File: pics/chapters/chapter2/xmleditor.pdf Graphic file (type pdf)

<use pics/chapters/chapter2/xmleditor.pdf>)
("C:\Users\w1nston\Chalmers\Kandidatarbetet\Slutrapport\Tower Defense for Andro
id\chapters/Chapter3/method.tex" [6 <C:/Users/w1nston/Chalmers/Kandidatarbetet/
Slutrapport/Tower Defense for Android/pics/chapters/chapter2/xmleditor.pdf>]
Chapter 3.
[7

] [8]
LaTeX Font Info:    Try loading font information for OT1+pcr on input line 49.
 ("C:\Program Files (x86)\MiKTeX 2.8\tex\latex\psnfss\ot1pcr.fd"
File: ot1pcr.fd 2001/06/04 font definitions for OT1/pcr.
)
File: code/onDraw.java  (verbatim)

[9]
LaTeX Font Info:    Try loading font information for OMS+cmr on input line 75.
 ("C:\Program Files (x86)\MiKTeX 2.8\tex\latex\base\omscmr.fd"
File: omscmr.fd 1999/05/25 v2.5h Standard LaTeX font definitions
)
LaTeX Font Info:    Font shape `OMS/cmr/m/n' in size <12> not available
(Font)              Font shape `OMS/cmsy/m/n' tried instead on input line 75.
 [10]
<pics/chapters/chapter2/eclipse.pdf, id=435, 1028.48242pt x 548.12378pt>
File: pics/chapters/chapter2/eclipse.pdf Graphic file (type pdf)

<use pics/chapters/chapter2/eclipse.pdf> [11 <C:/Users/w1nston/Chalmers/Kandida
tarbetet/Slutrapport/Tower Defense for Android/pics/chapters/chapter2/eclipse.p
df>] <pics/chapters/chapter2/emulator.pdf, id=453, 607.60399pt x 430.66898pt>
File: pics/chapters/chapter2/emulator.pdf Graphic file (type pdf)

<use pics/chapters/chapter2/emulator.pdf>)
("C:\Users\w1nston\Chalmers\Kandidatarbetet\Slutrapport\Tower Defense for Andro
id\chapters/Chapter4/results.tex" [12

 <C:/Users/w1nston/Chalmers/Kandidatarbetet/Slutrapport/Tower Defense for Andro
id/pics/chapters/chapter2/emulator.pdf>]
Chapter 4.

("C:\Users\w1nston\Chalmers\Kandidatarbetet\Slutrapport\Tower Defense for Andro
id\chapters/Chapter4/section1Structure.tex"
<pics/chapters/chapter4/codestructure.pdf, id=468, 604.2575pt x 281.05pt>
File: pics/chapters/chapter4/codestructure.pdf Graphic file (type pdf)

<use pics/chapters/chapter4/codestructure.pdf>

LaTeX Warning: `h' float specifier changed to `ht'.

[13

]
File: code/GameThread.java  (verbatim)
 [14 <C:/Users/w1nston/Chalmers/Kandidatarbetet/Slutrapport/Tower Defense for A
ndroid/pics/chapters/chapter4/codestructure.pdf>])
("C:\Users\w1nston\Chalmers\Kandidatarbetet\Slutrapport\Tower Defense for Andro
id\chapters/Chapter4/section2HandlingUserInput.tex" [15]
File: code/in-gamePauseMenu.java  (verbatim)
File: code/backToMenuButtonPressed.java  (verbatim)
 [16]
<pics/chapters/chapter4/physicalbuttons.pdf, id=505, 237.13594pt x 106.89937pt>
File: pics/chapters/chapter4/physicalbuttons.pdf Graphic file (type pdf)
<use pics/chapters/chapter4/physicalbuttons.pdf> [17 <C:/Users/w1nston/Chalmers
/Kandidatarbetet/Slutrapport/Tower Defense for Android/pics/chapters/chapter4/p
hysicalbuttons.pdf>]
File: code/onKeyDown.java  (verbatim)
File: code/accelerometerCode.java  (verbatim)
 [18

]
File: code/sensorEvent.java  (verbatim)
)
("C:\Users\w1nston\Chalmers\Kandidatarbetet\Slutrapport\Tower Defense for Andro
id\chapters/Chapter4/section3Graphics.tex"
Overfull \hbox (5.79732pt too wide) in paragraph at lines 116--1
\OT1/cmr/m/n/12 ra-cy-Changed() and on-Sen-sor-Changed(). Ac-cord-ing to the An
-droid API CITE""(Android,
 []

[19] <pics/chapters/chapter4/xmllayout.pdf, id=531, 185.67067pt x 147.53317pt>
File: pics/chapters/chapter4/xmllayout.pdf Graphic file (type pdf)

<use pics/chapters/chapter4/xmllayout.pdf>
<pics/chapters/chapter4/exitbuttonref.pdf, id=532, 305.10187pt x 95.3443pt>
File: pics/chapters/chapter4/exitbuttonref.pdf Graphic file (type pdf)

<use pics/chapters/chapter4/exitbuttonref.pdf> [20 <C:/Users/w1nston/Chalmers/K
andidatarbetet/Slutrapport/Tower Defense for Android/pics/chapters/chapter4/xml
layout.pdf> <C:/Users/w1nston/Chalmers/Kandidatarbetet/Slutrapport/Tower Defens
e for Android/pics/chapters/chapter4/exitbuttonref.pdf>]
File: code/xmlExitButton.java  (verbatim)

Overfull \hbox (5.1985pt too wide) in paragraph at lines 45--45
[]\OT1/pcr/m/n/10.95 <selector xmlns:android="http://schemas.android.com/apk/re
s/android">[] 
 []

<pics/chapters/chapter4/exitbutton.pdf, id=562, 200.72491pt x 41.14864pt>
File: pics/chapters/chapter4/exitbutton.pdf Graphic file (type pdf)

<use pics/chapters/chapter4/exitbutton.pdf> [21

 <C:/Users/w1nston/Chalmers/Kandidatarbetet/Slutrapport/Tower Defense for Andro
id/pics/chapters/chapter4/exitbutton.pdf>]
<pics/chapters/chapter4/showmoney.pdf, id=578, 451.63129pt x 157.56866pt>
File: pics/chapters/chapter4/showmoney.pdf Graphic file (type pdf)

<use pics/chapters/chapter4/showmoney.pdf>
Overfull \hbox (3.49922pt too wide) in paragraph at lines 80--81
 [] 
 []

File: code/drawMoney.java  (verbatim)
[22

 <C:/Users/w1nston/Chalmers/Kandidatarbetet/Slutrapport/Tower Defense for Andro
id/pics/chapters/chapter4/showmoney.pdf>]
<pics/chapters/chapter4/splash2.pdf, id=598, 666.40668pt x 132.47794pt>
File: pics/chapters/chapter4/splash2.pdf Graphic file (type pdf)

<use pics/chapters/chapter4/splash2.pdf>
File: code/drawWaterSplash.java  (verbatim)
 [23 <C:/Users/w1nston/Chalmers/Kandidatarbetet/Slutrapport/Tower Defense for A
ndroid/pics/chapters/chapter4/splash2.pdf>]
<pics/chapters/chapter4/in-gamePauseMenu.pdf, id=616, 487.76126pt x 327.18137pt
>
File: pics/chapters/chapter4/in-gamePauseMenu.pdf Graphic file (type pdf)
 <use pics/chapters/chapter4/in-gamePauseMenu.pdf> [24 <C:/Users/w1nston/Chalme
rs/Kandidatarbetet/Slutrapport/Tower Defense for Android/pics/chapters/chapter4
/in-gamePauseMenu.pdf>]
<pics/chapters/chapter4/buildertowerallthree.pdf, id=634, 485.75377pt x 981.545
03pt>
File: pics/chapters/chapter4/buildertowerallthree.pdf Graphic file (type pdf)
 <use pics/chapters/chapter4/buildertowerallthree.pdf> [25 <C:/Users/w1nston/Ch
almers/Kandidatarbetet/Slutrapport/Tower Defense for Android/pics/chapters/chap
ter4/buildertowerallthree.pdf>]
<pics/chapters/chapter4/towerupgrade.pdf, id=652, 485.75377pt x 327.18137pt>
File: pics/chapters/chapter4/towerupgrade.pdf Graphic file (type pdf)

<use pics/chapters/chapter4/towerupgrade.pdf> [26

 <C:/Users/w1nston/Chalmers/Kandidatarbetet/Slutrapport/Tower Defense for Andro
id/pics/chapters/chapter4/towerupgrade.pdf>]
<pics/chapters/chapter4/alltowers.pdf, id=671, 200.72491pt x 256.92789pt>
File: pics/chapters/chapter4/alltowers.pdf Graphic file (type pdf)

<use pics/chapters/chapter4/alltowers.pdf>
<pics/chapters/chapter4/mobs.pdf, id=673, 200.72491pt x 50.18117pt>
File: pics/chapters/chapter4/mobs.pdf Graphic file (type pdf)

<use pics/chapters/chapter4/mobs.pdf>
File: code/mobHealth.java  (verbatim)

Overfull \hbox (44.61845pt too wide) in paragraph at lines 239--239
[]\OT1/pcr/m/n/10.95 int hpRatio = (int)(255* (double)m.getHealth() / (double)m
.getMaxHealth());[] 
 []

)
("C:\Users\w1nston\Chalmers\Kandidatarbetet\Slutrapport\Tower Defense for Andro
id\chapters/Chapter4/section4Units.tex" [27

 <C:/Users/w1nston/Chalmers/Kandidatarbetet/Slutrapport/Tower Defense for Andro
id/pics/chapters/chapter4/alltowers.pdf> <C:/Users/w1nston/Chalmers/Kandidatarb
etet/Slutrapport/Tower Defense for Android/pics/chapters/chapter4/mobs.pdf>]
File: code/getDistance.java  (verbatim)
 [28] [29] [30]
File: code/initwavesXML.java  (verbatim)
 [31

]
File: code/mobCreationWave.java  (verbatim)
 [32

]
<pics/chapters/chapter4/moblist2.pdf, id=746, 523.9575pt x 258.9675pt>
File: pics/chapters/chapter4/moblist2.pdf Graphic file (type pdf)

<use pics/chapters/chapter4/moblist2.pdf>
File: code/waveDelay.java  (verbatim)
 [33

 <C:/Users/w1nston/Chalmers/Kandidatarbetet/Slutrapport/Tower Defense for Andro
id/pics/chapters/chapter4/moblist2.pdf>]
File: code/updatePosition.java  (verbatim)
 [34])
("C:\Users\w1nston\Chalmers\Kandidatarbetet\Slutrapport\Tower Defense for Andro
id\chapters/Chapter4/section5Path.tex"
File: code/initpathXML.java  (verbatim)

<pics/chapters/chapter4/pathlist2.pdf, id=772, 588.1975pt x 299.1175pt>
File: pics/chapters/chapter4/pathlist2.pdf Graphic file (type pdf)

<use pics/chapters/chapter4/pathlist2.pdf>

LaTeX Warning: `h' float specifier changed to `ht'.

)
("C:\Users\w1nston\Chalmers\Kandidatarbetet\Slutrapport\Tower Defense for Andro
id\chapters/Chapter4/section6MoneyHighscore.tex" [35]
File: code/changeScore.java  (verbatim)
File: code/readCreateFile.java  (verbatim)
 [36 <C:/Users/w1nston/Chalmers/Kandidatarbetet/Slutrapport/Tower Defense for A
ndroid/pics/chapters/chapter4/pathlist2.pdf>]))
("C:\Users\w1nston\Chalmers\Kandidatarbetet\Slutrapport\Tower Defense for Andro
id\chapters/Chapter5/discussion.tex" [37]
Chapter 5.
[38

] [39] [40] [41] [42] [43])
("C:\Users\w1nston\Chalmers\Kandidatarbetet\Slutrapport\Tower Defense for Andro
id\chapters/Chapter6/conclusions.tex" [44]
Chapter 6.
)
("C:\Users\w1nston\Chalmers\Kandidatarbetet\Slutrapport\Tower Defense for Andro
id\chapters/Chapter7/futurework.tex" [45

]
Chapter 7.
)
("C:\Users\w1nston\Chalmers\Kandidatarbetet\Slutrapport\Tower Defense for Andro
id\chapters/appendix.tex" [46

]
Appendix A.
pdfTeX warning (ext4): destination with the same identifier (name{page.i}) has 
been already used, duplicate ignored
<to be read again> 
                   \relax 
l.4 \listoffigures
                   [1

]
("C:\Users\w1nston\Chalmers\Kandidatarbetet\Slutrapport\Tower Defense for Andro
id\baa_main.lof"pdfTeX warning (ext4): destination with the same identifier (na
me{page.ii}) has been already used, duplicate ignored
<to be read again> 
                   \relax 
l.39 ...}{\ignorespaces Caption}}{36}{figure.4.30}
                                                   [2

])
\tf@lof=\write8
)
("C:\Users\w1nston\Chalmers\Kandidatarbetet\Slutrapport\Tower Defense for Andro
id\chapters/footer.tex"pdfTeX warning (ext4): destination with the same identif
ier (name{page.iii}) has been already used, duplicate ignored
<to be read again> 
                   \relax 
l.2 \newpage
             [3]

Package gloss Warning: Term `*' on page iv not defined in glossary `default' on
 input line 4.

No file baa_main.gls.bbl
No file baa_main.bbl.

("C:\Users\w1nston\Chalmers\Kandidatarbetet\Slutrapport\Tower Defense for Andro
id\baa_main.aux")

LaTeX Warning: There were undefined references.


LaTeX Warning: Label(s) may have changed. Rerun to get cross-references right.

 ) ) 
Here is how much of TeX's memory you used:
 8930 strings out of 495285
 137733 string characters out of 3179872
 226857 words of memory out of 3000000
 11699 multiletter control sequences out of 15000+200000
 14834 words of font info for 56 fonts, out of 3000000 for 9000
 14 hyphenation exceptions out of 8191
 44i,8n,54p,1096b,372s stack positions out of 5000i,500n,10000p,200000b,50000s
{C:/Program Files (x86)/MiKTeX 2.8/fonts/enc/dvips/fontname/8r.enc}<C:/Prog
ram Files (x86)/MiKTeX 2.8/fonts/type1/public/amsfonts/cm/cmbx12.pfb><C:/Progra
m Files (x86)/MiKTeX 2.8/fonts/type1/public/amsfonts/cm/cmmi12.pfb><C:/Program 
Files (x86)/MiKTeX 2.8/fonts/type1/public/amsfonts/cm/cmr12.pfb><C:/Program Fil
es (x86)/MiKTeX 2.8/fonts/type1/public/amsfonts/cm/cmr17.pfb><C:/Program Files 
(x86)/MiKTeX 2.8/fonts/type1/public/amsfonts/cm/cmr8.pfb><C:/Program Files (x86
)/MiKTeX 2.8/fonts/type1/public/amsfonts/cm/cmsl12.pfb><C:/Program Files (x86)/
MiKTeX 2.8/fonts/type1/public/amsfonts/cm/cmssbx10.pfb><C:/Program Files (x86)/
MiKTeX 2.8/fonts/type1/public/amsfonts/cm/cmsy10.pfb><C:/Program Files (x86)/Mi
KTeX 2.8/fonts/type1/public/amsfonts/cm/cmti12.pfb><C:/Program Files (x86)/MiKT
eX 2.8/fonts/type1/urw/courier/ucrr8a.pfb>
Output written on baa_main.pdf (54 pages, 8454417 bytes).
PDF statistics:
 959 PDF objects out of 1000 (max. 8388607)
 162 named destinations out of 1000 (max. 500000)
 596 words of extra memory for PDF output out of 10000 (max. 10000000)

