\BOOKMARK [0][-]{chapter.1}{Introduction}{}
\BOOKMARK [1][-]{section.1.1}{Background}{chapter.1}
\BOOKMARK [1][-]{section.1.2}{Purpose and delimitations}{chapter.1}
\BOOKMARK [0][-]{chapter.2}{Theory}{}
\BOOKMARK [1][-]{section.2.1}{Android architecture}{chapter.2}
\BOOKMARK [2][-]{subsection.2.1.1}{Data storage}{section.2.1}
\BOOKMARK [2][-]{subsection.2.1.2}{Graphics}{section.2.1}
\BOOKMARK [2][-]{subsection.2.1.3}{Sound}{section.2.1}
\BOOKMARK [0][-]{chapter.3}{Method}{}
\BOOKMARK [1][-]{section.3.1}{Interviews}{chapter.3}
\BOOKMARK [1][-]{section.3.2}{Git - A version control system}{chapter.3}
\BOOKMARK [1][-]{section.3.3}{Code convention}{chapter.3}
\BOOKMARK [2][-]{subsection.3.3.1}{Style conventions}{section.3.3}
\BOOKMARK [1][-]{section.3.4}{Android development environment}{chapter.3}
\BOOKMARK [0][-]{chapter.4}{The resulting game: Eskimo Tower Defense}{}
\BOOKMARK [1][-]{section.4.1}{Structure}{chapter.4}
\BOOKMARK [1][-]{section.4.2}{Handling user input}{chapter.4}
\BOOKMARK [2][-]{subsection.4.2.1}{Touchscreen}{section.4.2}
\BOOKMARK [2][-]{subsection.4.2.2}{Physical buttons}{section.4.2}
\BOOKMARK [2][-]{subsection.4.2.3}{Accelerometer}{section.4.2}
\BOOKMARK [1][-]{section.4.3}{Graphics}{chapter.4}
\BOOKMARK [2][-]{subsection.4.3.1}{XML layout}{section.4.3}
\BOOKMARK [2][-]{subsection.4.3.2}{Draw}{section.4.3}
\BOOKMARK [2][-]{subsection.4.3.3}{Animation}{section.4.3}
\BOOKMARK [2][-]{subsection.4.3.4}{Menus}{section.4.3}
\BOOKMARK [2][-]{subsection.4.3.5}{Tower placement}{section.4.3}
\BOOKMARK [2][-]{subsection.4.3.6}{Tower upgrade}{section.4.3}
\BOOKMARK [2][-]{subsection.4.3.7}{Mobs}{section.4.3}
\BOOKMARK [1][-]{section.4.4}{Units}{chapter.4}
\BOOKMARK [2][-]{subsection.4.4.1}{Towers}{section.4.4}
\BOOKMARK [2][-]{subsection.4.4.2}{Mobs}{section.4.4}
\BOOKMARK [2][-]{subsection.4.4.3}{Projectiles}{section.4.4}
\BOOKMARK [2][-]{subsection.4.4.4}{Snowball}{section.4.4}
\BOOKMARK [1][-]{section.4.5}{Path}{chapter.4}
\BOOKMARK [1][-]{section.4.6}{Money and highscore}{chapter.4}
\BOOKMARK [0][-]{chapter.5}{Discussion}{}
\BOOKMARK [1][-]{section.5.1}{Design choices}{chapter.5}
\BOOKMARK [2][-]{subsection.5.1.1}{Fixed path versus maze building}{section.5.1}
\BOOKMARK [2][-]{subsection.5.1.2}{Theme}{section.5.1}
\BOOKMARK [2][-]{subsection.5.1.3}{Projectile algorithm}{section.5.1}
\BOOKMARK [2][-]{subsection.5.1.4}{Waves}{section.5.1}
\BOOKMARK [1][-]{section.5.2}{Concept}{chapter.5}
\BOOKMARK [2][-]{subsection.5.2.1}{Unique features}{section.5.2}
\BOOKMARK [2][-]{subsection.5.2.2}{User interface}{section.5.2}
\BOOKMARK [2][-]{subsection.5.2.3}{Animations}{section.5.2}
\BOOKMARK [1][-]{section.5.3}{Game balance}{chapter.5}
\BOOKMARK [2][-]{subsection.5.3.1}{Towers}{section.5.3}
\BOOKMARK [2][-]{subsection.5.3.2}{Mob waves}{section.5.3}
\BOOKMARK [2][-]{subsection.5.3.3}{Snowball}{section.5.3}
\BOOKMARK [1][-]{section.5.4}{Insight}{chapter.5}
\BOOKMARK [1][-]{section.5.5}{Future work}{chapter.5}
\BOOKMARK [2][-]{subsection.5.5.1}{Public highscore}{section.5.5}
\BOOKMARK [2][-]{subsection.5.5.2}{Fixed frame rate}{section.5.5}
\BOOKMARK [2][-]{subsection.5.5.3}{Sounds}{section.5.5}
\BOOKMARK [2][-]{subsection.5.5.4}{Achievments}{section.5.5}
\BOOKMARK [2][-]{subsection.5.5.5}{Snowball improvement}{section.5.5}
\BOOKMARK [2][-]{subsection.5.5.6}{More bonus weapons}{section.5.5}
\BOOKMARK [0][-]{chapter.6}{Conclusions}{}
\BOOKMARK [0][-]{chapter.7}{Future work}{}
\BOOKMARK [1][-]{section.7.1}{Fixed time step}{chapter.7}
\BOOKMARK [0][-]{appendix.A}{Appendix}{}
