\BOOKMARK [0][-]{chapter.1}{Introduction}{}
\BOOKMARK [1][-]{section.1.1}{Background}{chapter.1}
\BOOKMARK [1][-]{section.1.2}{Purpose and delimitations}{chapter.1}
\BOOKMARK [0][-]{chapter.2}{Theory}{}
\BOOKMARK [1][-]{section.2.1}{Android architecture}{chapter.2}
\BOOKMARK [2][-]{subsection.2.1.1}{Resources}{section.2.1}
\BOOKMARK [2][-]{subsection.2.1.2}{Data storage}{section.2.1}
\BOOKMARK [2][-]{subsection.2.1.3}{XML}{section.2.1}
\BOOKMARK [2][-]{subsection.2.1.4}{Graphics}{section.2.1}
\BOOKMARK [2][-]{subsection.2.1.5}{Sound}{section.2.1}
\BOOKMARK [0][-]{chapter.3}{Method}{}
\BOOKMARK [1][-]{section.3.1}{Interviews}{chapter.3}
\BOOKMARK [1][-]{section.3.2}{Agile development}{chapter.3}
\BOOKMARK [1][-]{section.3.3}{Git - A version control system}{chapter.3}
\BOOKMARK [2][-]{subsection.3.3.1}{Git versus SVN}{section.3.3}
\BOOKMARK [1][-]{section.3.4}{Code convention}{chapter.3}
\BOOKMARK [2][-]{subsection.3.4.1}{Style conventions}{section.3.4}
\BOOKMARK [2][-]{subsection.3.4.2}{Programming practices}{section.3.4}
\BOOKMARK [2][-]{subsection.3.4.3}{Android best practices}{section.3.4}
\BOOKMARK [1][-]{section.3.5}{Android development environment}{chapter.3}
\BOOKMARK [2][-]{subsection.3.5.1}{Eclipse and Android SDK}{section.3.5}
\BOOKMARK [0][-]{chapter.4}{Results}{}
\BOOKMARK [1][-]{section.4.1}{The resulting game: Eskimo Tower Defense}{chapter.4}
\BOOKMARK [2][-]{subsection.4.1.1}{Structure}{section.4.1}
\BOOKMARK [2][-]{subsection.4.1.2}{XML layout}{section.4.1}
\BOOKMARK [2][-]{subsection.4.1.3}{Graphics}{section.4.1}
\BOOKMARK [2][-]{subsection.4.1.4}{Progression map}{section.4.1}
\BOOKMARK [2][-]{subsection.4.1.5}{Tracks}{section.4.1}
\BOOKMARK [2][-]{subsection.4.1.6}{Physical buttons}{section.4.1}
\BOOKMARK [2][-]{subsection.4.1.7}{Game play}{section.4.1}
\BOOKMARK [2][-]{subsection.4.1.8}{Units}{section.4.1}
\BOOKMARK [2][-]{subsection.4.1.9}{Towers}{section.4.1}
\BOOKMARK [2][-]{subsection.4.1.10}{Mobs}{section.4.1}
\BOOKMARK [2][-]{subsection.4.1.11}{Waves}{section.4.1}
\BOOKMARK [2][-]{subsection.4.1.12}{Path}{section.4.1}
\BOOKMARK [2][-]{subsection.4.1.13}{Snowball - Accelerometer based interaction}{section.4.1}
\BOOKMARK [2][-]{subsection.4.1.14}{Projectiles}{section.4.1}
\BOOKMARK [2][-]{subsection.4.1.15}{Money and high-score}{section.4.1}
\BOOKMARK [0][-]{chapter.5}{Conclusions}{}
\BOOKMARK [0][-]{chapter.6}{Discussion}{}
\BOOKMARK [1][-]{section.6.1}{Concept}{chapter.6}
\BOOKMARK [2][-]{subsection.6.1.1}{Maze versus path}{section.6.1}
\BOOKMARK [2][-]{subsection.6.1.2}{Theme}{section.6.1}
\BOOKMARK [2][-]{subsection.6.1.3}{Unique features}{section.6.1}
\BOOKMARK [2][-]{subsection.6.1.4}{Waves}{section.6.1}
\BOOKMARK [2][-]{subsection.6.1.5}{User interface}{section.6.1}
\BOOKMARK [2][-]{subsection.6.1.6}{Graphics}{section.6.1}
\BOOKMARK [2][-]{subsection.6.1.7}{Data storage}{section.6.1}
\BOOKMARK [1][-]{section.6.2}{Game balance}{chapter.6}
\BOOKMARK [2][-]{subsection.6.2.1}{Towers}{section.6.2}
\BOOKMARK [2][-]{subsection.6.2.2}{Mob waves}{section.6.2}
\BOOKMARK [2][-]{subsection.6.2.3}{Snowball}{section.6.2}
\BOOKMARK [0][-]{chapter.7}{Future work}{}
\BOOKMARK [1][-]{section.7.1}{Fixed time step}{chapter.7}
